[02-Apr-26 21:31:03 - INFO] - ANNIEMUSIC.core.mongo - Connecting to your Mongo Database...
[02-Apr-26 21:31:03 - INFO] - ANNIEMUSIC.core.mongo - Connected to your Mongo Database.
[02-Apr-26 21:31:03 - INFO] - ANNIEMUSIC.core.dir - Directories Updated.
[02-Apr-26 21:31:03 - INFO] - ANNIEMUSIC.core.git - Git Client Found [VPS DEPLOYER]
[02-Apr-26 21:31:03 - INFO] - ANNIEMUSIC.misc - ᴅᴀᴛᴀʙᴀsᴇ ʟᴏᴀᴅᴇᴅ sᴜᴄᴄᴇssғᴜʟʟʏ💗
[02-Apr-26 21:31:03 - INFO] - ANNIEMUSIC.core.bot - Starting Bot...
[02-Apr-26 21:31:04 - INFO] - BrokenXAPI - ━━━━━━━━━━━━━━━━━━━━━━━━━━━━━━━━━━━━━━━━━━━━━━━━
[02-Apr-26 21:31:04 - INFO] - BrokenXAPI - 🚀 BROKENXAPI INITIALIZED
[02-Apr-26 21:31:04 - INFO] - BrokenXAPI - ⚡ Powered by Broken X Network
[02-Apr-26 21:31:04 - INFO] - BrokenXAPI - 🔐 Join Telegram: @AboutBrokenX • @BrokenXNetwork1 For Future Updates
[02-Apr-26 21:31:04 - INFO] - BrokenXAPI - Thanks ❤‍🩹 For Using BrokenxAPI
[02-Apr-26 21:31:04 - INFO] - BrokenXAPI - ━━━━━━━━━━━━━━━━━━━━━━━━━━━━━━━━━━━━━━━━━━━━━━━━
[02-Apr-26 21:31:05 - INFO] - ANNIEMUSIC.misc - sᴜᴅᴏ ᴜsᴇʀs ᴅᴏɴᴇ..
[02-Apr-26 21:31:12 - INFO] - ANNIEMUSIC.core.bot - Music Bot Started as ˹🇱ɪʟʏ ꭙ 🇲ᴜsɪᴄ˼ ♪ 
[02-Apr-26 21:31:12 - INFO] - apscheduler.scheduler - Adding job tentatively -- it will be properly scheduled when the scheduler starts
[02-Apr-26 21:31:12 - INFO] - apscheduler.scheduler - Added job "start_nightmode" to job store "default"
[02-Apr-26 21:31:12 - INFO] - apscheduler.scheduler - Scheduler started
[02-Apr-26 21:31:12 - INFO] - apscheduler.scheduler - Adding job tentatively -- it will be properly scheduled when the scheduler starts
[02-Apr-26 21:31:12 - INFO] - apscheduler.scheduler - Added job "close_nightmode" to job store "default"
[02-Apr-26 21:31:12 - INFO] - apscheduler.scheduler - Scheduler started
[02-Apr-26 21:31:13 - INFO] - MukeshAPI - Welcome to MukeshAPI! This is a Python package that provides various APIs for developers.
[02-Apr-26 21:31:13 - INFO] - ANNIEMUSIC.plugins - ʙʀᴏᴋᴇɴ x ᴍᴏᴅᴜʟᴇs ʟᴏᴀᴅᴇᴅ...
[02-Apr-26 21:31:13 - INFO] - ANNIEMUSIC.core.userbot - ˹🇱ɪʟʏ ꭙ 🇲ᴜsɪᴄ˼ ♪  Assistant starting...
[02-Apr-26 21:31:15 - INFO] - ANNIEMUSIC.core.userbot - Assistant Started as <a href=tg://user?id=8587713069>˹ʀᴜʜɪ x ᴀꜱꜱɪꜱᴛᴀɴᴛ˼ ♪</a>
[02-Apr-26 21:31:15 - INFO] - ANNIEMUSIC.core.call - Starting PyTgCalls Client...

[02-Apr-26 21:31:16 - INFO] - MUSICBROKN - Annie Music Robot Started Successfully...
Failed to initialize Lexica API: API error <!doctype html>
<!--[if lt IE 7]> <html class="no-js ie6 oldie" lang="en-US"> <![endif]-->
<!--[if IE 7]>    <html class="no-js ie7 oldie" lang="en-US"> <![endif]-->
<!--[if IE 8]>    <html class="no-js ie8 oldie" lang="en-US"> <![endif]-->
<!--[if gt IE 8]><!-->
<html class="no-js" lang="en-US">
    <!--<![endif]-->
    <head>
        <title>Cloudflare Tunnel error | lexica.qewertyy.dev | Cloudflare</title>
        <meta charset="UTF-8" />
<meta http-equiv="Content-Type" content="text/html; charset=UTF-8" />
<meta http-equiv="X-UA-Compatible" content="IE=Edge" />
<meta name="robots" content="noindex, nofollow" />
<meta name="viewport" content="width=device-width,initial-scale=1" />
<link rel="stylesheet" id="cf_styles-css" href="/cdn-cgi/styles/main.css" /> <script>
  (function(){if(document.addEventListener&&window.XMLHttpRequest&&JSON&&JSON.stringify){var e=function(a){var c=document.getElementById("error-feedback-survey"),d=document.getElementById("error-feedback-success"),b=new XMLHttpRequest;a={event:"feedback clicked",properties:{errorCode: 1033 },helpful:a,version: 1 };b.open("POST","https://sparrow.cloudflare.com/api/v1/event");b.setRequestHeader("Content-Type","application/json");b.setRequestHeader("Sparrow-Source-Key","c771f0e4b54944bebf4261d44bd79a1e");
b.send(JSON.stringify(a));c.classList.add("feedback-hidden");d.classList.remove("feedback-hidden")};document.addEventListener("DOMContentLoaded",function(){var a=document.getElementById("error-feedback"),c=document.getElementById("feedback-button-yes"),d=document.getElementById("feedback-button-no");"classList"in a&&(a.classList.remove("feedback-hidden"),c.addEventListener("click",function(){e(!0)}),d.addEventListener("click",function(){e(!1)}))})}})();
</script>
        <script
            defer
            src="https://performance.radar.cloudflare.com/beacon.js"
        ></script>
    </head>
    <body>
        <div id="cf-wrapper">
            <div
                class="cf-alert cf-alert-error cf-cookie-error hidden"
                id="cookie-alert"
                data-translate="enable_cookies"
            >
                Please enable cookies.
            </div>
            <div id="cf-error-details" class="p-0">
                <header
                    class="mx-auto pt-10 lg:pt-6 lg:px-8 w-240 lg:w-full mb-15 antialiased"
                >
                    <h1
                        class="inline-block md:block mr-2 md:mb-2 font-light text-60 md:text-3xl text-black-dark leading-tight"
                    >
                        <span data-translate="error">Error</span>
                        <span>1033</span>
                    </h1>
                    <span
                        class="inline-block md:block heading-ray-id font-mono text-15 lg:text-sm lg:leading-relaxed"
                        >Ray ID: 9e610d091cf9fd8b &bull;</span
                    >
                    <span
                        class="inline-block md:block heading-ray-id font-mono text-15 lg:text-sm lg:leading-relaxed"
                        >2026-04-02 16:01:13 UTC</span
                    >
                    <h2
                        class="text-gray-600 leading-1.3 text-3xl lg:text-2xl font-light"
                    >
                        Cloudflare Tunnel error
                    </h2>
                </header>
                
                
                <section class="w-240 lg:w-full mx-auto mb-8 lg:px-8">
                    <div id="what-happened-section" class="w-1/2 md:w-full">
                        <h2
                            class="text-3xl leading-tight font-normal mb-4 text-black-dark antialiased"
                            data-translate="what_happened"
                        >
                            What happened?
                        </h2>
                        
                            <p>You've requested a page on a website (lexica.qewertyy.dev) that is on the <a href="https://www.cloudflare.com/5xx-error-landing/" target="_blank">Cloudflare</a> network. The host (lexica.qewertyy.dev) is configured as a Cloudflare Tunnel, and Cloudflare is currently unable to resolve it.
                        
                        
                    </div>

                    
                    <div
                        id="resolution-copy-section"
                        class="w-1/2 mt-6 text-15 leading-normal"
                    >
                        <h2
                            class="text-3xl leading-tight font-normal mb-4 text-black-dark antialiased"
                            data-translate="what_can_i_do"
                        >
                            What can I do?
                        </h2>
                        <p><strong>If you are a visitor of this website:</strong><br />Please try again in a few minutes.</p><p><strong>If you are the owner of this website:</strong><br />Ensure that cloudflared is running and can reach the network. You may wish to enable <a rel="noopener noreferrer" href="https://developers.cloudflare.com/cloudflare-one/connections/connect-networks/routing-to-tunnel/lb/">load balancing</a> for your tunnel.</p>
                    </div>
                    
                </section>
                

                <div class="feedback-hidden py-8 text-center" id="error-feedback">
    <div id="error-feedback-survey" class="footer-line-wrapper">
        Was this page helpful?
        <button
            class="border border-solid bg-white cf-button cursor-pointer ml-4 px-4 py-2 rounded"
            id="feedback-button-yes"
            type="button"
        >
            Yes
        </button>
        <button
            class="border border-solid bg-white cf-button cursor-pointer ml-4 px-4 py-2 rounded"
            id="feedback-button-no"
            type="button"
        >
            No
        </button>
    </div>
    <div class="feedback-success feedback-hidden" id="error-feedback-success">
        Thank you for your feedback!
    </div>
</div> <div class="cf-error-footer cf-wrapper w-240 lg:w-full py-10 sm:py-4 sm:px-8 mx-auto text-center sm:text-left border-solid border-0 border-t border-gray-300">
    <p class="text-13">
      <span class="cf-footer-item sm:block sm:mb-1">Cloudflare Ray ID: <strong class="font-semibold">9e610d091cf9fd8b</strong></span>
      <span class="cf-footer-separator sm:hidden">&bull;</span>
      <span id="cf-footer-item-ip" class="cf-footer-item hidden sm:block sm:mb-1">
        Your IP:
        <button type="button" id="cf-footer-ip-reveal" class="cf-footer-ip-reveal-btn">Click to reveal</button>
        <span class="hidden" id="cf-footer-ip">2409:40c4:2029:a02d:e46f:5085:48b7:d3c4</span>
        <span class="cf-footer-separator sm:hidden">&bull;</span>
      </span>
      <span class="cf-footer-item sm:block sm:mb-1"><span>Performance &amp; security by</span> <a rel="noopener noreferrer" href="https://www.cloudflare.com/5xx-error-landing" id="brand_link" target="_blank">Cloudflare</a></span>
      
    </p>
    <script>(function(){function d(){var b=a.getElementById("cf-footer-item-ip"),c=a.getElementById("cf-footer-ip-reveal");b&&"classList"in b&&(b.classList.remove("hidden"),c.addEventListener("click",function(){c.classList.add("hidden");a.getElementById("cf-footer-ip").classList.remove("hidden")}))}var a=document;document.addEventListener&&a.addEventListener("DOMContentLoaded",d)})();</script>
  </div><!-- /.error-footer -->
            </div>
            <!-- /#cf-error-details -->
        </div>
        <!-- /#cf-wrapper -->

         <script>
    window._cf_translation = {};
    
    
  </script> 
        
    </body>
</html>
๏ᴘʀᴏᴍᴏᴛᴇ ᴍᴇ ᴀs ᴀɴ ᴀᴅᴍɪɴ ɪɴ ᴛʜᴇ ᴍᴜsᴛ_Jᴏɪɴ ᴄʜᴀᴛ ๏: BROKENXNETWORK !
๏ᴘʀᴏᴍᴏᴛᴇ ᴍᴇ ᴀs ᴀɴ ᴀᴅᴍɪɴ ɪɴ ᴛʜᴇ ᴍᴜsᴛ_Jᴏɪɴ ᴄʜᴀᴛ ๏: BROKENXNETWORK !
๏ᴘʀᴏᴍᴏᴛᴇ ᴍᴇ ᴀs ᴀɴ ᴀᴅᴍɪɴ ɪɴ ᴛʜᴇ ᴍᴜsᴛ_Jᴏɪɴ ᴄʜᴀᴛ ๏: BROKENXNETWORK !
[02-Apr-26 22:36:27 - INFO] - NexGenAPI - 🎵 [AUDIO] Starting download for: 8Tvu7B5vFLg
[02-Apr-26 22:36:27 - INFO] - NexGenAPI - 🎵 [NEXGEN] Using API: https://pvtz.nexgenbots.xyz/song/8Tvu7B5vFLg
[02-Apr-26 22:36:30 - INFO] - NexGenAPI - ⏳ [NEXGEN] Still processing, waiting...
[02-Apr-26 22:36:35 - INFO] - NexGenAPI - 🎵 [AUDIO] Starting download for: 8Tvu7B5vFLg
[02-Apr-26 22:36:35 - INFO] - NexGenAPI - 🎵 [NEXGEN] Using API: https://pvtz.nexgenbots.xyz/song/8Tvu7B5vFLg
[02-Apr-26 22:36:35 - INFO] - NexGenAPI - ⏳ [NEXGEN] Still processing, waiting...
[02-Apr-26 22:36:40 - INFO] - NexGenAPI - 🎵 [AUDIO] Starting download for: 8Tvu7B5vFLg
[02-Apr-26 22:36:40 - INFO] - NexGenAPI - 🎵 [NEXGEN] Using API: https://pvtz.nexgenbots.xyz/song/8Tvu7B5vFLg
[02-Apr-26 22:36:41 - INFO] - NexGenAPI - ✅ [NEXGEN] Got stream link, downloading...
[02-Apr-26 22:36:41 - INFO] - NexGenAPI - 📥 [NEXGEN] Downloading from: https://pvtz.nexgenbots.xyz/stream/8Tvu7B5vFLg?api=NxGBNexGenBots448436
[02-Apr-26 22:36:44 - INFO] - NexGenAPI - ✅ [NEXGEN] Successfully downloaded: downloads/8Tvu7B5vFLg.m4a
[02-Apr-26 22:43:14 - INFO] - NexGenAPI - 🎵 [AUDIO] Starting download for: YjjLZpeIEN8
[02-Apr-26 22:43:14 - INFO] - NexGenAPI - 🎵 [NEXGEN] Using API: https://pvtz.nexgenbots.xyz/song/YjjLZpeIEN8
[02-Apr-26 22:43:17 - INFO] - NexGenAPI - ⏳ [NEXGEN] Still processing, waiting...
[02-Apr-26 22:43:22 - INFO] - NexGenAPI - 🎵 [AUDIO] Starting download for: YjjLZpeIEN8
[02-Apr-26 22:43:22 - INFO] - NexGenAPI - 🎵 [NEXGEN] Using API: https://pvtz.nexgenbots.xyz/song/YjjLZpeIEN8
[02-Apr-26 22:43:22 - INFO] - NexGenAPI - ✅ [NEXGEN] Got stream link, downloading...
[02-Apr-26 22:43:22 - INFO] - NexGenAPI - 📥 [NEXGEN] Downloading from: https://pvtz.nexgenbots.xyz/stream/YjjLZpeIEN8?api=NxGBNexGenBots448436
[02-Apr-26 22:43:24 - INFO] - NexGenAPI - ✅ [NEXGEN] Successfully downloaded: downloads/YjjLZpeIEN8.m4a
[02-Apr-26 22:46:32 - INFO] - NexGenAPI - 🎵 [AUDIO] Starting download for: -5BWiP2TgiI
[02-Apr-26 22:46:32 - INFO] - NexGenAPI - 🎵 [NEXGEN] Using API: https://pvtz.nexgenbots.xyz/song/-5BWiP2TgiI
[02-Apr-26 22:46:33 - INFO] - NexGenAPI - ⏳ [NEXGEN] Still processing, waiting...
[02-Apr-26 22:46:38 - INFO] - NexGenAPI - 🎵 [AUDIO] Starting download for: -5BWiP2TgiI
[02-Apr-26 22:46:38 - INFO] - NexGenAPI - 🎵 [NEXGEN] Using API: https://pvtz.nexgenbots.xyz/song/-5BWiP2TgiI
[02-Apr-26 22:46:39 - INFO] - NexGenAPI - ⏳ [NEXGEN] Still processing, waiting...
[02-Apr-26 22:46:44 - INFO] - NexGenAPI - 🎵 [AUDIO] Starting download for: -5BWiP2TgiI
[02-Apr-26 22:46:44 - INFO] - NexGenAPI - 🎵 [NEXGEN] Using API: https://pvtz.nexgenbots.xyz/song/-5BWiP2TgiI
[02-Apr-26 22:46:45 - WARNING] - NexGenAPI - ⚠️ [NEXGEN] Unexpected status: error
[02-Apr-26 22:52:11 - INFO] - NexGenAPI - 🎵 [AUDIO] Starting download for: GsqdP7lzdWM
[02-Apr-26 22:52:11 - INFO] - NexGenAPI - 🎵 [NEXGEN] Using API: https://pvtz.nexgenbots.xyz/song/GsqdP7lzdWM
[02-Apr-26 22:52:13 - INFO] - NexGenAPI - ⏳ [NEXGEN] Still processing, waiting...
[02-Apr-26 22:52:18 - INFO] - NexGenAPI - 🎵 [AUDIO] Starting download for: GsqdP7lzdWM
[02-Apr-26 22:52:18 - INFO] - NexGenAPI - 🎵 [NEXGEN] Using API: https://pvtz.nexgenbots.xyz/song/GsqdP7lzdWM
[02-Apr-26 22:52:19 - INFO] - NexGenAPI - ⏳ [NEXGEN] Still processing, waiting...
[02-Apr-26 22:52:24 - INFO] - NexGenAPI - 🎵 [AUDIO] Starting download for: GsqdP7lzdWM
[02-Apr-26 22:52:24 - INFO] - NexGenAPI - 🎵 [NEXGEN] Using API: https://pvtz.nexgenbots.xyz/song/GsqdP7lzdWM
[02-Apr-26 22:52:25 - WARNING] - NexGenAPI - ⚠️ [NEXGEN] Unexpected status: error
[02-Apr-26 23:00:15 - INFO] - NexGenAPI - 🎵 [AUDIO] Starting download for: 0v5eHPfy5Lk
[02-Apr-26 23:00:15 - INFO] - NexGenAPI - 🎵 [NEXGEN] Using API: https://pvtz.nexgenbots.xyz/song/0v5eHPfy5Lk
[02-Apr-26 23:00:16 - INFO] - NexGenAPI - ⏳ [NEXGEN] Still processing, waiting...
[02-Apr-26 23:00:21 - INFO] - NexGenAPI - 🎵 [AUDIO] Starting download for: 0v5eHPfy5Lk
[02-Apr-26 23:00:21 - INFO] - NexGenAPI - 🎵 [NEXGEN] Using API: https://pvtz.nexgenbots.xyz/song/0v5eHPfy5Lk
[02-Apr-26 23:00:21 - INFO] - NexGenAPI - ✅ [NEXGEN] Got stream link, downloading...
[02-Apr-26 23:00:21 - INFO] - NexGenAPI - 📥 [NEXGEN] Downloading from: https://pvtz.nexgenbots.xyz/stream/0v5eHPfy5Lk?api=NxGBNexGenBots448436
[02-Apr-26 23:00:24 - INFO] - NexGenAPI - ✅ [NEXGEN] Successfully downloaded: downloads/0v5eHPfy5Lk.m4a
[02-Apr-26 23:03:24 - ERROR] - pyrogram.dispatcher - Unhandled exception: Telegram says: [400 QUERY_ID_INVALID] (caused by "messages.SetBotCallbackAnswer") Pyrogram 2.3.69 thinks: The callback query id is invalid
Traceback (most recent call last):
  File "/Users/nishkarshkr/.pyenv/versions/3.11.9/lib/python3.11/site-packages/pyrogram/dispatcher.py", line 383, in _dispatch_to_handlers
    await self._execute_handler(handler, *args)
  File "/Users/nishkarshkr/.pyenv/versions/3.11.9/lib/python3.11/site-packages/pyrogram/dispatcher.py", line 410, in _execute_handler
    await handler.callback(self.client, *args)
  File "/Users/nishkarshkr/.pyenv/versions/3.11.9/lib/python3.11/site-packages/pyrogram/handlers/callback_query_handler.py", line 207, in resolve_future_or_callback
    await self.original_callback(client, query, *args)
  File "/Users/nishkarshkr/Desktop/Music bot/anniex/ANNIEMUSIC/utils/decorators/language.py", line 42, in wrapper
    return await mystic(_, CallbackQuery, language)
           ^^^^^^^^^^^^^^^^^^^^^^^^^^^^^^^^^^^^^^^^
  File "/Users/nishkarshkr/Desktop/Music bot/anniex/ANNIEMUSIC/plugins/admins/callback.py", line 262, in del_back_playlist
    await CallbackQuery.answer()
  File "/Users/nishkarshkr/.pyenv/versions/3.11.9/lib/python3.11/site-packages/pyrogram/types/bots_and_keyboards/callback_query.py", line 171, in answer
    return await self._client.answer_callback_query(
           ^^^^^^^^^^^^^^^^^^^^^^^^^^^^^^^^^^^^^^^^^
  File "/Users/nishkarshkr/.pyenv/versions/3.11.9/lib/python3.11/site-packages/pyrogram/methods/bots/answer_callback_query.py", line 74, in answer_callback_query
    return await self.invoke(
           ^^^^^^^^^^^^^^^^^^
  File "/Users/nishkarshkr/.pyenv/versions/3.11.9/lib/python3.11/site-packages/pyrogram/methods/advanced/invoke.py", line 80, in invoke
    r = await self.session.invoke(
        ^^^^^^^^^^^^^^^^^^^^^^^^^^
  File "/Users/nishkarshkr/.pyenv/versions/3.11.9/lib/python3.11/site-packages/pyrogram/session/session.py", line 420, in invoke
    return await self.send(query, timeout=timeout)
           ^^^^^^^^^^^^^^^^^^^^^^^^^^^^^^^^^^^^^^^
  File "/Users/nishkarshkr/.pyenv/versions/3.11.9/lib/python3.11/site-packages/pyrogram/session/session.py", line 377, in send
    RPCError.raise_it(result, type(data))
  File "/Users/nishkarshkr/.pyenv/versions/3.11.9/lib/python3.11/site-packages/pyrogram/errors/rpc_error.py", line 93, in raise_it
    raise getattr(
pyrogram.errors.exceptions.bad_request_400.QueryIdInvalid: Telegram says: [400 QUERY_ID_INVALID] (caused by "messages.SetBotCallbackAnswer") Pyrogram 2.3.69 thinks: The callback query id is invalid
[02-Apr-26 23:03:33 - WARNING] - asyncio - socket.send() raised exception.
[02-Apr-26 23:03:33 - WARNING] - asyncio - socket.send() raised exception.
[02-Apr-26 23:17:35 - INFO] - NexGenAPI - 🎵 [AUDIO] Starting download for: nWbj7W_pD9U
[02-Apr-26 23:17:35 - INFO] - NexGenAPI - 🎵 [NEXGEN] Using API: https://pvtz.nexgenbots.xyz/song/nWbj7W_pD9U
[02-Apr-26 23:17:37 - INFO] - NexGenAPI - ⏳ [NEXGEN] Still processing, waiting...
[02-Apr-26 23:17:42 - INFO] - NexGenAPI - 🎵 [AUDIO] Starting download for: nWbj7W_pD9U
[02-Apr-26 23:17:42 - INFO] - NexGenAPI - 🎵 [NEXGEN] Using API: https://pvtz.nexgenbots.xyz/song/nWbj7W_pD9U
[02-Apr-26 23:17:43 - INFO] - NexGenAPI - ⏳ [NEXGEN] Still processing, waiting...
[02-Apr-26 23:17:48 - INFO] - NexGenAPI - 🎵 [AUDIO] Starting download for: nWbj7W_pD9U
[02-Apr-26 23:17:48 - INFO] - NexGenAPI - 🎵 [NEXGEN] Using API: https://pvtz.nexgenbots.xyz/song/nWbj7W_pD9U
[02-Apr-26 23:17:48 - INFO] - NexGenAPI - ✅ [NEXGEN] Got stream link, downloading...
[02-Apr-26 23:17:48 - INFO] - NexGenAPI - 📥 [NEXGEN] Downloading from: https://pvtz.nexgenbots.xyz/stream/nWbj7W_pD9U?api=NxGBNexGenBots448436
[02-Apr-26 23:17:51 - INFO] - NexGenAPI - ✅ [NEXGEN] Successfully downloaded: downloads/nWbj7W_pD9U.m4a
[02-Apr-26 23:18:16 - INFO] - NexGenAPI - 🎵 [AUDIO] Starting download for: nWbj7W_pD9U
[02-Apr-26 23:18:16 - INFO] - NexGenAPI - 🎵 [NEXGEN] Using API: https://pvtz.nexgenbots.xyz/song/nWbj7W_pD9U
[02-Apr-26 23:18:17 - INFO] - NexGenAPI - ✅ [NEXGEN] Got stream link, downloading...
[02-Apr-26 23:18:17 - INFO] - NexGenAPI - ✅ [NEXGEN] File already exists: downloads/nWbj7W_pD9U.m4a
[02-Apr-26 23:22:54 - INFO] - NexGenAPI - 🎵 [AUDIO] Starting download for: b9g4xNY-q9k
[02-Apr-26 23:22:54 - INFO] - NexGenAPI - 🎵 [NEXGEN] Using API: https://pvtz.nexgenbots.xyz/song/b9g4xNY-q9k
[02-Apr-26 23:22:56 - INFO] - NexGenAPI - ⏳ [NEXGEN] Still processing, waiting...
[02-Apr-26 23:23:01 - INFO] - NexGenAPI - 🎵 [AUDIO] Starting download for: b9g4xNY-q9k
[02-Apr-26 23:23:01 - INFO] - NexGenAPI - 🎵 [NEXGEN] Using API: https://pvtz.nexgenbots.xyz/song/b9g4xNY-q9k
[02-Apr-26 23:23:02 - INFO] - NexGenAPI - ⏳ [NEXGEN] Still processing, waiting...
[02-Apr-26 23:23:07 - INFO] - NexGenAPI - 🎵 [AUDIO] Starting download for: b9g4xNY-q9k
[02-Apr-26 23:23:07 - INFO] - NexGenAPI - 🎵 [NEXGEN] Using API: https://pvtz.nexgenbots.xyz/song/b9g4xNY-q9k
[02-Apr-26 23:23:08 - INFO] - NexGenAPI - ⏳ [NEXGEN] Still processing, waiting...
[02-Apr-26 23:23:13 - INFO] - NexGenAPI - 🎵 [AUDIO] Starting download for: b9g4xNY-q9k
[02-Apr-26 23:23:13 - INFO] - NexGenAPI - 🎵 [NEXGEN] Using API: https://pvtz.nexgenbots.xyz/song/b9g4xNY-q9k
[02-Apr-26 23:23:13 - INFO] - NexGenAPI - ✅ [NEXGEN] Got stream link, downloading...
[02-Apr-26 23:23:13 - INFO] - NexGenAPI - ✅ [NEXGEN] File already exists: downloads/b9g4xNY-q9k.m4a
[02-Apr-26 23:25:35 - INFO] - NexGenAPI - 🎵 [AUDIO] Starting download for: nWbj7W_pD9U
[02-Apr-26 23:25:35 - INFO] - NexGenAPI - 🎵 [NEXGEN] Using API: https://pvtz.nexgenbots.xyz/song/nWbj7W_pD9U
[02-Apr-26 23:25:36 - INFO] - NexGenAPI - ✅ [NEXGEN] Got stream link, downloading...
[02-Apr-26 23:25:36 - INFO] - NexGenAPI - ✅ [NEXGEN] File already exists: downloads/nWbj7W_pD9U.m4a
[02-Apr-26 23:29:57 - INFO] - NexGenAPI - 🎵 [AUDIO] Starting download for: nWbj7W_pD9U
[02-Apr-26 23:29:57 - INFO] - NexGenAPI - 🎵 [NEXGEN] Using API: https://pvtz.nexgenbots.xyz/song/nWbj7W_pD9U
[02-Apr-26 23:29:57 - INFO] - NexGenAPI - ✅ [NEXGEN] Got stream link, downloading...
[02-Apr-26 23:29:57 - INFO] - NexGenAPI - ✅ [NEXGEN] File already exists: downloads/nWbj7W_pD9U.m4a
